99.11.11 13:56 B F:\CafeDlx\images\animatedframeglass.gif --> www.enforme.com D:/WebSite/htdocs/enforme/htdocs/CafeDlx/images animatedframeglass.gif
99.11.11 13:56 B F:\CafeDlx\images\animatedframeman.gif --> www.enforme.com D:/WebSite/htdocs/enforme/htdocs/CafeDlx/images animatedframeman.gif
99.11.11 13:56 B F:\CafeDlx\images\barmenu.gif --> www.enforme.com D:/WebSite/htdocs/enforme/htdocs/CafeDlx/images barmenu.gif
99.11.11 13:56 B F:\CafeDlx\images\beer.gif --> www.enforme.com D:/WebSite/htdocs/enforme/htdocs/CafeDlx/images beer.gif
99.11.11 13:56 B F:\CafeDlx\images\bkg.gif --> www.enforme.com D:/WebSite/htdocs/enforme/htdocs/CafeDlx/images bkg.gif
99.11.11 13:56 B F:\CafeDlx\images\bkgmain.gif --> www.enforme.com D:/WebSite/htdocs/enforme/htdocs/CafeDlx/images bkgmain.gif
99.11.11 13:56 B F:\CafeDlx\images\boCONTACT.gif --> www.enforme.com D:/WebSite/htdocs/enforme/htdocs/CafeDlx/images boCONTACT.gif
99.11.11 13:56 B F:\CafeDlx\images\boJOBS.gif --> www.enforme.com D:/WebSite/htdocs/enforme/htdocs/CafeDlx/images boJOBS.gif
99.11.11 13:56 B F:\CafeDlx\images\boLOCATIONS.gif --> www.enforme.com D:/WebSite/htdocs/enforme/htdocs/CafeDlx/images boLOCATIONS.gif
99.11.11 13:56 B F:\CafeDlx\images\boMENU.gif --> www.enforme.com D:/WebSite/htdocs/enforme/htdocs/CafeDlx/images boMENU.gif
99.11.11 13:56 B F:\CafeDlx\images\boSTORY.gif --> www.enforme.com D:/WebSite/htdocs/enforme/htdocs/CafeDlx/images boSTORY.gif
99.11.11 13:56 B F:\CafeDlx\images\brunchmenu.gif --> www.enforme.com D:/WebSite/htdocs/enforme/htdocs/CafeDlx/images brunchmenu.gif
99.11.11 13:56 B F:\CafeDlx\images\brunmenu.gif --> www.enforme.com D:/WebSite/htdocs/enforme/htdocs/CafeDlx/images brunmenu.gif
99.11.11 13:56 B F:\CafeDlx\images\btndBARmenu.gif --> www.enforme.com D:/WebSite/htdocs/enforme/htdocs/CafeDlx/images btndBARmenu.gif
99.11.11 13:56 B F:\CafeDlx\images\btndBRUmenu.gif --> www.enforme.com D:/WebSite/htdocs/enforme/htdocs/CafeDlx/images btndBRUmenu.gif
99.11.11 13:56 B F:\CafeDlx\images\btndDINmenu.gif --> www.enforme.com D:/WebSite/htdocs/enforme/htdocs/CafeDlx/images btndDINmenu.gif
99.11.11 13:56 B F:\CafeDlx\images\btndKIDmenu.gif --> www.enforme.com D:/WebSite/htdocs/enforme/htdocs/CafeDlx/images btndKIDmenu.gif
99.11.11 13:56 B F:\CafeDlx\images\btndLUNmenu.gif --> www.enforme.com D:/WebSite/htdocs/enforme/htdocs/CafeDlx/images btndLUNmenu.gif
99.11.11 13:56 B F:\CafeDlx\images\buCONTACT.gif --> www.enforme.com D:/WebSite/htdocs/enforme/htdocs/CafeDlx/images buCONTACT.gif
99.11.11 13:56 B F:\CafeDlx\images\buJOBS.gif --> www.enforme.com D:/WebSite/htdocs/enforme/htdocs/CafeDlx/images buJOBS.gif
99.11.11 13:56 B F:\CafeDlx\images\buLOCATIONS.gif --> www.enforme.com D:/WebSite/htdocs/enforme/htdocs/CafeDlx/images buLOCATIONS.gif
99.11.11 13:57 B F:\CafeDlx\images\buMENU.gif --> www.enforme.com D:/WebSite/htdocs/enforme/htdocs/CafeDlx/images buMENU.gif
99.11.11 13:57 B F:\CafeDlx\images\buSTORY.gif --> www.enforme.com D:/WebSite/htdocs/enforme/htdocs/CafeDlx/images buSTORY.gif
99.11.11 13:57 B F:\CafeDlx\images\CDBethesda 1.jpg --> www.enforme.com D:/WebSite/htdocs/enforme/htdocs/CafeDlx/images CDBethesda 1.jpg
99.11.11 13:57 B F:\CafeDlx\images\cdBethesda 5.jpg --> www.enforme.com D:/WebSite/htdocs/enforme/htdocs/CafeDlx/images cdBethesda 5.jpg
99.11.11 13:57 B F:\CafeDlx\images\CDlogo.gif --> www.enforme.com D:/WebSite/htdocs/enforme/htdocs/CafeDlx/images CDlogo.gif
99.11.11 13:57 B F:\CafeDlx\images\copytextmain.gif --> www.enforme.com D:/WebSite/htdocs/enforme/htdocs/CafeDlx/images copytextmain.gif
99.11.11 13:57 B F:\CafeDlx\images\dings.gif --> www.enforme.com D:/WebSite/htdocs/enforme/htdocs/CafeDlx/images dings.gif
99.11.11 13:57 B F:\CafeDlx\images\dings2.gif --> www.enforme.com D:/WebSite/htdocs/enforme/htdocs/CafeDlx/images dings2.gif
99.11.11 13:57 B F:\CafeDlx\images\dinmenu.gif --> www.enforme.com D:/WebSite/htdocs/enforme/htdocs/CafeDlx/images dinmenu.gif
99.11.11 13:57 B F:\CafeDlx\images\foodani.gif --> www.enforme.com D:/WebSite/htdocs/enforme/htdocs/CafeDlx/images foodani.gif
99.11.11 13:57 B F:\CafeDlx\images\ImageReadyTemp.tmp --> www.enforme.com D:/WebSite/htdocs/enforme/htdocs/CafeDlx/images ImageReadyTemp.tmp
99.11.11 13:57 B F:\CafeDlx\images\jobgfx.jpg --> www.enforme.com D:/WebSite/htdocs/enforme/htdocs/CafeDlx/images jobgfx.jpg
99.11.11 13:57 B F:\CafeDlx\images\kidmenu.gif --> www.enforme.com D:/WebSite/htdocs/enforme/htdocs/CafeDlx/images kidmenu.gif
99.11.11 13:57 B F:\CafeDlx\images\kidsmenu.gif --> www.enforme.com D:/WebSite/htdocs/enforme/htdocs/CafeDlx/images kidsmenu.gif
99.11.11 13:57 B F:\CafeDlx\images\linegfx.gif --> www.enforme.com D:/WebSite/htdocs/enforme/htdocs/CafeDlx/images linegfx.gif
99.11.11 13:57 B F:\CafeDlx\images\lunmenu.gif --> www.enforme.com D:/WebSite/htdocs/enforme/htdocs/CafeDlx/images lunmenu.gif
99.11.11 13:57 B F:\CafeDlx\images\mar.gif --> www.enforme.com D:/WebSite/htdocs/enforme/htdocs/CafeDlx/images mar.gif
99.11.11 13:57 B F:\CafeDlx\images\menuhdrjobs.gif --> www.enforme.com D:/WebSite/htdocs/enforme/htdocs/CafeDlx/images menuhdrjobs.gif
99.11.11 13:57 B F:\CafeDlx\images\pghdr.gif --> www.enforme.com D:/WebSite/htdocs/enforme/htdocs/CafeDlx/images pghdr.gif
99.11.11 13:57 B F:\CafeDlx\images\pictureframe.jpg --> www.enforme.com D:/WebSite/htdocs/enforme/htdocs/CafeDlx/images pictureframe.jpg
99.11.11 13:57 B F:\CafeDlx\images\pictureframeCD.jpg --> www.enforme.com D:/WebSite/htdocs/enforme/htdocs/CafeDlx/images pictureframeCD.jpg
99.11.11 13:57 B F:\CafeDlx\images\quotemain.gif --> www.enforme.com D:/WebSite/htdocs/enforme/htdocs/CafeDlx/images quotemain.gif
99.11.11 13:57 B F:\CafeDlx\images\signgraphicsm.gif --> www.enforme.com D:/WebSite/htdocs/enforme/htdocs/CafeDlx/images signgraphicsm.gif
99.11.11 13:57 B F:\CafeDlx\images\tcoastbanner.gif --> www.enforme.com D:/WebSite/htdocs/enforme/htdocs/CafeDlx/images tcoastbanner.gif
99.11.11 13:57 B F:\CafeDlx\images\titlecontact.gif --> www.enforme.com D:/WebSite/htdocs/enforme/htdocs/CafeDlx/images titlecontact.gif
99.11.11 13:57 B F:\CafeDlx\images\titleDINmenu.gif --> www.enforme.com D:/WebSite/htdocs/enforme/htdocs/CafeDlx/images titleDINmenu.gif
99.11.11 13:57 B F:\CafeDlx\images\titlejobs.gif --> www.enforme.com D:/WebSite/htdocs/enforme/htdocs/CafeDlx/images titlejobs.gif
99.11.11 13:57 B F:\CafeDlx\images\titlelocations.gif --> www.enforme.com D:/WebSite/htdocs/enforme/htdocs/CafeDlx/images titlelocations.gif
99.11.11 13:57 B F:\CafeDlx\images\titlemenu.gif --> www.enforme.com D:/WebSite/htdocs/enforme/htdocs/CafeDlx/images titlemenu.gif
99.11.11 13:57 B F:\CafeDlx\images\titlemenu2.gif --> www.enforme.com D:/WebSite/htdocs/enforme/htdocs/CafeDlx/images titlemenu2.gif
99.11.11 13:57 B F:\CafeDlx\images\titleourstory.gif --> www.enforme.com D:/WebSite/htdocs/enforme/htdocs/CafeDlx/images titleourstory.gif
99.11.11 13:57 B F:\CafeDlx\images\wine.gif --> www.enforme.com D:/WebSite/htdocs/enforme/htdocs/CafeDlx/images wine.gif
99.11.11 13:57 B F:\CafeDlx\images\yelbgmain.gif --> www.enforme.com D:/WebSite/htdocs/enforme/htdocs/CafeDlx/images yelbgmain.gif
